<?xml version="1.0" encoding="UTF-8"?>
<!-- Generated by org.testng.reporters.JUnitXMLReporter -->
<testsuite hostname="BLRVMALAV062518" name="ChromeTest" tests="1" failures="1" timestamp="27 Mar 2017 14:00:03 GMT" time="75.95" errors="0">
  <testcase name="test" time="74.156" classname="com.driverClass.Driver">
    <failure type="java.lang.IllegalArgumentException" message="Cannot find elements when the XPath expression is null.">
      <![CDATA[java.lang.IllegalArgumentException: Cannot find elements when the XPath expression is null.
	at org.openqa.selenium.By.xpath(By.java:112)
	at com.driverClass.Driver.executeAction(Driver.java:117)
	at com.driverClass.Driver.executeTestCases(Driver.java:101)
	at com.driverClass.Driver.test(Driver.java:72)
	at java.util.concurrent.FutureTask.run(Unknown Source)
	at java.util.concurrent.ThreadPoolExecutor.runWorker(Unknown Source)
	at java.util.concurrent.ThreadPoolExecutor$Worker.run(Unknown Source)
	at java.lang.Thread.run(Unknown Source)
... Removed 16 stack frames]]>
    </failure>
  </testcase> <!-- test -->
</testsuite> <!-- ChromeTest -->
