[INFO ] 2017-04-14 18:20:43.916 [TestNG-tests-1] LoggerUtility - ***********************BeforeTest****************************
[INFO ] 2017-04-14 18:20:46.086 [TestNG-tests-1] LoggerUtility - Test01 execution started
[INFO ] 2017-04-14 18:20:46.087 [TestNG-tests-1] LoggerUtility - Launch Browser
[INFO ] 2017-04-14 18:21:15.083 [TestNG-tests-1] LoggerUtility - Verify Page
[ERROR] 2017-04-14 18:21:15.083 [TestNG-tests-1] LoggerUtility - Error - unable to verify page
[INFO ] 2017-04-14 18:21:15.209 [TestNG-tests-1] LoggerUtility - Failed - End test case Test01
[INFO ] 2017-04-14 18:21:15.209 [TestNG-tests-1] LoggerUtility - Test01 execution completed
[INFO ] 2017-04-14 18:21:15.209 [TestNG-tests-1] LoggerUtility - Test02 execution started
[INFO ] 2017-04-14 18:21:15.209 [TestNG-tests-1] LoggerUtility - Launch Browser
[INFO ] 2017-04-14 18:21:15.309 [TestNG-tests-1] LoggerUtility - Verify Page
[ERROR] 2017-04-14 18:21:15.309 [TestNG-tests-1] LoggerUtility - Error - unable to verify page
[INFO ] 2017-04-14 18:21:15.401 [TestNG-tests-1] LoggerUtility - Failed - End test case Test02
[INFO ] 2017-04-14 18:21:15.401 [TestNG-tests-1] LoggerUtility - Test02 execution completed
[INFO ] 2017-04-14 18:21:16.433 [TestNG-tests-1] LoggerUtility - ***********************AfterTest****************************
[INFO ] 2017-04-14 18:41:50.787 [TestNG-tests-1] LoggerUtility - ***********************BeforeTest****************************
[INFO ] 2017-04-14 18:41:51.289 [TestNG-tests-1] LoggerUtility - Test01 execution started
[INFO ] 2017-04-14 18:41:51.291 [TestNG-tests-1] LoggerUtility - Launch Browser
[INFO ] 2017-04-14 18:41:54.063 [TestNG-tests-1] LoggerUtility - Verify Page
[ERROR] 2017-04-14 18:41:54.064 [TestNG-tests-1] LoggerUtility - Error - unable to verify page
[INFO ] 2017-04-14 18:41:54.192 [TestNG-tests-1] LoggerUtility - Failed - End test case Test01
[INFO ] 2017-04-14 18:41:54.288 [TestNG-tests-1] LoggerUtility - Test01 execution completed
[INFO ] 2017-04-14 18:41:54.288 [TestNG-tests-1] LoggerUtility - Test02 execution started
[INFO ] 2017-04-14 18:41:54.289 [TestNG-tests-1] LoggerUtility - Launch Browser
[INFO ] 2017-04-14 18:41:54.406 [TestNG-tests-1] LoggerUtility - Verify Page
[ERROR] 2017-04-14 18:41:54.406 [TestNG-tests-1] LoggerUtility - Error - unable to verify page
[INFO ] 2017-04-14 18:41:54.514 [TestNG-tests-1] LoggerUtility - Failed - End test case Test02
[INFO ] 2017-04-14 18:41:54.760 [TestNG-tests-1] LoggerUtility - Test02 execution completed
[INFO ] 2017-04-14 18:41:55.518 [TestNG-tests-1] LoggerUtility - ***********************AfterTest****************************
